app/build/outputs/logs/manifest-merger-debug-report.txt
-- Merging decision tree log ---
manifest
ADDED from src\main\AndroidManifest.xml:2:1-46:12
	package
		ADDED from src\main\AndroidManifest.xml:3:5-38
		INJECTED from src\main\AndroidManifest.xml
		INJECTED from src\main\AndroidManifest.xml
	android:versionName
		INJECTED from src\main\AndroidManifest.xml
		INJECTED from src\main\AndroidManifest.xml
	xmlns:android
		ADDED from src\main\AndroidManifest.xml:2:11-69
	android:versionCode
		INJECTED from src\main\AndroidManifest.xml
		INJECTED from src\main\AndroidManifest.xml
application
ADDED from src\main\AndroidManifest.xml:5:5-45:19
MERGED from [com.github.denzilferreira:aware-client:development-SNAPSHOT] AndroidManifest.xml:21:5-369:19
MERGED from [com.android.support:cardview-v7:25.0.1] AndroidManifest.xml:22:5-20
MERGED from [com.android.support:design:25.0.1] AndroidManifest.xml:25:5-20
MERGED from [com.android.support:appcompat-v7:25.1.0] AndroidManifest.xml:25:5-20
MERGED from [com.android.support:animated-vector-drawable:25.1.0] AndroidManifest.xml:22:5-20
MERGED from [com.android.support:support-vector-drawable:25.1.0] AndroidManifest.xml:23:5-20
MERGED from [com.android.support:transition:25.0.1] AndroidManifest.xml:22:5-20
MERGED from [com.android.support:support-v4:25.1.0] AndroidManifest.xml:25:5-20
MERGED from [com.android.support:support-fragment:25.1.0] AndroidManifest.xml:25:5-20
MERGED from [com.android.support:support-media-compat:25.1.0] AndroidManifest.xml:25:5-20
MERGED from [com.android.support:support-core-ui:25.1.0] AndroidManifest.xml:25:5-20
MERGED from [com.android.support:support-core-utils:25.1.0] AndroidManifest.xml:25:5-20
MERGED from [com.android.support:customtabs:25.1.0] AndroidManifest.xml:22:5-20
MERGED from [com.android.support:support-compat:25.1.0] AndroidManifest.xml:25:5-20
	android:label
		ADDED from src\main\AndroidManifest.xml:7:9-41
	android:icon
		ADDED from src\main\AndroidManifest.xml:6:9-43
	android:theme
		ADDED from src\main\AndroidManifest.xml:8:9-40
	android:networkSecurityConfig
		ADDED from [com.github.denzilferreira:aware-client:development-SNAPSHOT] AndroidManifest.xml:23:9-62
service#com.aware.plugin.fitbit.Plugin
ADDED from src\main\AndroidManifest.xml:10:9-13:39
	android:label
		ADDED from src\main\AndroidManifest.xml:12:13-42
	android:exported
		ADDED from src\main\AndroidManifest.xml:13:13-36
	android:name
		ADDED from src\main\AndroidManifest.xml:11:13-58
activity#com.aware.plugin.fitbit.Settings
ADDED from src\main\AndroidManifest.xml:15:9-17:39
	android:exported
		ADDED from src\main\AndroidManifest.xml:17:13-36
	android:name
		ADDED from src\main\AndroidManifest.xml:16:13-60
activity#com.aware.plugin.fitbit.Fitbit
ADDED from src\main\AndroidManifest.xml:19:9-36:20
	android:label
		ADDED from src\main\AndroidManifest.xml:21:13-35
	android:launchMode
		ADDED from src\main\AndroidManifest.xml:22:13-48
	android:name
		ADDED from src\main\AndroidManifest.xml:20:13-58
intent-filter#android.intent.action.MAIN+android.intent.category.LAUNCHER
ADDED from src\main\AndroidManifest.xml:23:13-26:29
action#android.intent.action.MAIN
ADDED from src\main\AndroidManifest.xml:24:17-69
	android:name
		ADDED from src\main\AndroidManifest.xml:24:25-66
category#android.intent.category.LAUNCHER
ADDED from src\main\AndroidManifest.xml:25:17-77
	android:name
		ADDED from src\main\AndroidManifest.xml:25:27-74
intent-filter#android.intent.action.VIEW+android.intent.category.BROWSABLE+android.intent.category.DEFAULT
ADDED from src\main\AndroidManifest.xml:28:13-35:29
action#android.intent.action.VIEW
ADDED from src\main\AndroidManifest.xml:29:17-69
	android:name
		ADDED from src\main\AndroidManifest.xml:29:25-66
category#android.intent.category.DEFAULT
ADDED from src\main\AndroidManifest.xml:30:17-76
	android:name
		ADDED from src\main\AndroidManifest.xml:30:27-73
category#android.intent.category.BROWSABLE
ADDED from src\main\AndroidManifest.xml:31:17-78
	android:name
		ADDED from src\main\AndroidManifest.xml:31:27-75
data
ADDED from src\main\AndroidManifest.xml:32:17-34:47
	android:host
		ADDED from src\main\AndroidManifest.xml:33:21-49
	android:scheme
		ADDED from src\main\AndroidManifest.xml:34:21-44
provider#com.aware.plugin.fitbit.Provider
ADDED from src\main\AndroidManifest.xml:38:9-43:70
	android:readPermission
		ADDED from src\main\AndroidManifest.xml:42:13-65
	android:authorities
		ADDED from src\main\AndroidManifest.xml:40:13-67
		INJECTED from src\main\AndroidManifest.xml
	android:exported
		ADDED from src\main\AndroidManifest.xml:41:13-36
	android:name
		ADDED from src\main\AndroidManifest.xml:39:13-60
	android:writePermission
		ADDED from src\main\AndroidManifest.xml:43:13-67
uses-sdk
INJECTED from src\main\AndroidManifest.xml reason: use-sdk injection requested
MERGED from [com.github.denzilferreira:aware-client:development-SNAPSHOT] AndroidManifest.xml:7:5-9:41
MERGED from [com.android.support:cardview-v7:25.0.1] AndroidManifest.xml:20:5-43
MERGED from [com.android.support:design:25.0.1] AndroidManifest.xml:21:5-23:62
MERGED from [com.android.support:appcompat-v7:25.1.0] AndroidManifest.xml:21:5-23:78
MERGED from [com.android.support:animated-vector-drawable:25.1.0] AndroidManifest.xml:20:5-44
MERGED from [com.android.support:support-vector-drawable:25.1.0] AndroidManifest.xml:21:5-43
MERGED from [com.android.support:recyclerview-v7:25.0.1] AndroidManifest.xml:20:5-43
MERGED from [com.android.support:transition:25.0.1] AndroidManifest.xml:20:5-44
MERGED from [com.android.support:support-v4:25.1.0] AndroidManifest.xml:21:5-23:54
MERGED from [com.android.support:support-fragment:25.1.0] AndroidManifest.xml:21:5-23:60
MERGED from [com.android.support:support-media-compat:25.1.0] AndroidManifest.xml:21:5-23:63
MERGED from [com.android.support:support-core-ui:25.1.0] AndroidManifest.xml:21:5-23:58
MERGED from [com.android.support:support-core-utils:25.1.0] AndroidManifest.xml:21:5-23:61
MERGED from [com.android.support:customtabs:25.1.0] AndroidManifest.xml:20:5-44
MERGED from [com.android.support:support-compat:25.1.0] AndroidManifest.xml:21:5-23:58
MERGED from [net.danlew:android.joda:2.9.5.1] AndroidManifest.xml:6:5-43
	tools:overrideLibrary
		ADDED from [com.android.support:design:25.0.1] AndroidManifest.xml:23:9-59
	android:targetSdkVersion
		INJECTED from src\main\AndroidManifest.xml
		INJECTED from src\main\AndroidManifest.xml
	android:minSdkVersion
		INJECTED from src\main\AndroidManifest.xml
		INJECTED from src\main\AndroidManifest.xml
uses-permission#com.aware.READ_CONTEXT_DATA
ADDED from [com.github.denzilferreira:aware-client:development-SNAPSHOT] AndroidManifest.xml:11:5-67
	android:name
		ADDED from [com.github.denzilferreira:aware-client:development-SNAPSHOT] AndroidManifest.xml:11:22-64
uses-permission#com.aware.WRITE_CONTEXT_DATA
ADDED from [com.github.denzilferreira:aware-client:development-SNAPSHOT] AndroidManifest.xml:12:5-68
	android:name
		ADDED from [com.github.denzilferreira:aware-client:development-SNAPSHOT] AndroidManifest.xml:12:22-65
uses-permission#android.permission.WRITE_EXTERNAL_STORAGE
ADDED from [com.github.denzilferreira:aware-client:development-SNAPSHOT] AndroidManifest.xml:13:5-81
	android:name
		ADDED from [com.github.denzilferreira:aware-client:development-SNAPSHOT] AndroidManifest.xml:13:22-78
uses-permission#android.permission.INTERNET
ADDED from [com.github.denzilferreira:aware-client:development-SNAPSHOT] AndroidManifest.xml:14:5-67
	android:name
		ADDED from [com.github.denzilferreira:aware-client:development-SNAPSHOT] AndroidManifest.xml:14:22-64
uses-permission#android.permission.ACCESS_NETWORK_STATE
ADDED from [com.github.denzilferreira:aware-client:development-SNAPSHOT] AndroidManifest.xml:15:5-79
	android:name
		ADDED from [com.github.denzilferreira:aware-client:development-SNAPSHOT] AndroidManifest.xml:15:22-76
uses-permission#android.permission.WAKE_LOCK
ADDED from [com.github.denzilferreira:aware-client:development-SNAPSHOT] AndroidManifest.xml:18:5-68
	android:name
		ADDED from [com.github.denzilferreira:aware-client:development-SNAPSHOT] AndroidManifest.xml:18:22-65
uses-permission#android.permission.RECEIVE_BOOT_COMPLETED
ADDED from [com.github.denzilferreira:aware-client:development-SNAPSHOT] AndroidManifest.xml:19:5-81
	android:name
		ADDED from [com.github.denzilferreira:aware-client:development-SNAPSHOT] AndroidManifest.xml:19:22-78
activity#com.aware.ui.ESM_Queue
ADDED from [com.github.denzilferreira:aware-client:development-SNAPSHOT] AndroidManifest.xml:26:9-33:66
	android:excludeFromRecents
		ADDED from [com.github.denzilferreira:aware-client:development-SNAPSHOT] AndroidManifest.xml:29:13-46
	android:launchMode
		ADDED from [com.github.denzilferreira:aware-client:development-SNAPSHOT] AndroidManifest.xml:31:13-43
	android:exported
		ADDED from [com.github.denzilferreira:aware-client:development-SNAPSHOT] AndroidManifest.xml:30:13-36
	android:noHistory
		ADDED from [com.github.denzilferreira:aware-client:development-SNAPSHOT] AndroidManifest.xml:32:13-37
	android:configChanges
		ADDED from [com.github.denzilferreira:aware-client:development-SNAPSHOT] AndroidManifest.xml:28:13-74
	android:theme
		ADDED from [com.github.denzilferreira:aware-client:development-SNAPSHOT] AndroidManifest.xml:33:13-63
	android:name
		ADDED from [com.github.denzilferreira:aware-client:development-SNAPSHOT] AndroidManifest.xml:27:13-50
activity#com.aware.ui.PermissionsHandler
ADDED from [com.github.denzilferreira:aware-client:development-SNAPSHOT] AndroidManifest.xml:34:9-39:66
	android:launchMode
		ADDED from [com.github.denzilferreira:aware-client:development-SNAPSHOT] AndroidManifest.xml:38:13-44
	android:exported
		ADDED from [com.github.denzilferreira:aware-client:development-SNAPSHOT] AndroidManifest.xml:37:13-36
	android:configChanges
		ADDED from [com.github.denzilferreira:aware-client:development-SNAPSHOT] AndroidManifest.xml:36:13-74
	android:theme
		ADDED from [com.github.denzilferreira:aware-client:development-SNAPSHOT] AndroidManifest.xml:39:13-63
	android:name
		ADDED from [com.github.denzilferreira:aware-client:development-SNAPSHOT] AndroidManifest.xml:35:13-59
service#com.aware.Keyboard
ADDED from [com.github.denzilferreira:aware-client:development-SNAPSHOT] AndroidManifest.xml:42:9-44:39
	android:exported
		ADDED from [com.github.denzilferreira:aware-client:development-SNAPSHOT] AndroidManifest.xml:44:13-36
	android:name
		ADDED from [com.github.denzilferreira:aware-client:development-SNAPSHOT] AndroidManifest.xml:43:13-46
service#com.aware.utils.Scheduler
ADDED from [com.github.denzilferreira:aware-client:development-SNAPSHOT] AndroidManifest.xml:45:9-47:39
	android:exported
		ADDED from [com.github.denzilferreira:aware-client:development-SNAPSHOT] AndroidManifest.xml:47:13-36
	android:name
		ADDED from [com.github.denzilferreira:aware-client:development-SNAPSHOT] AndroidManifest.xml:46:13-53
service#com.aware.Aware
ADDED from [com.github.denzilferreira:aware-client:development-SNAPSHOT] AndroidManifest.xml:48:9-50:39
	android:exported
		ADDED from [com.github.denzilferreira:aware-client:development-SNAPSHOT] AndroidManifest.xml:50:13-36
	android:name
		ADDED from [com.github.denzilferreira:aware-client:development-SNAPSHOT] AndroidManifest.xml:49:13-43
service#com.aware.Aware$JoinStudy
ADDED from [com.github.denzilferreira:aware-client:development-SNAPSHOT] AndroidManifest.xml:51:9-53:39
	android:exported
		ADDED from [com.github.denzilferreira:aware-client:development-SNAPSHOT] AndroidManifest.xml:53:13-36
	android:name
		ADDED from [com.github.denzilferreira:aware-client:development-SNAPSHOT] AndroidManifest.xml:52:13-53
service#com.aware.utils.SSLManager
ADDED from [com.github.denzilferreira:aware-client:development-SNAPSHOT] AndroidManifest.xml:54:9-56:39
	android:exported
		ADDED from [com.github.denzilferreira:aware-client:development-SNAPSHOT] AndroidManifest.xml:56:13-36
	android:name
		ADDED from [com.github.denzilferreira:aware-client:development-SNAPSHOT] AndroidManifest.xml:55:13-54
service#com.aware.Applications
ADDED from [com.github.denzilferreira:aware-client:development-SNAPSHOT] AndroidManifest.xml:57:9-71:19
	android:enabled
		ADDED from [com.github.denzilferreira:aware-client:development-SNAPSHOT] AndroidManifest.xml:59:13-57
	android:exported
		ADDED from [com.github.denzilferreira:aware-client:development-SNAPSHOT] AndroidManifest.xml:60:13-36
	android:permission
		ADDED from [com.github.denzilferreira:aware-client:development-SNAPSHOT] AndroidManifest.xml:61:13-79
	android:name
		ADDED from [com.github.denzilferreira:aware-client:development-SNAPSHOT] AndroidManifest.xml:58:13-50
intent-filter#android.accessibilityservice.AccessibilityService+android.accessibilityservice.category.FEEDBACK_GENERIC
ADDED from [com.github.denzilferreira:aware-client:development-SNAPSHOT] AndroidManifest.xml:62:13-66:29
action#android.accessibilityservice.AccessibilityService
ADDED from [com.github.denzilferreira:aware-client:development-SNAPSHOT] AndroidManifest.xml:63:17-92
	android:name
		ADDED from [com.github.denzilferreira:aware-client:development-SNAPSHOT] AndroidManifest.xml:63:25-89
category#android.accessibilityservice.category.FEEDBACK_GENERIC
ADDED from [com.github.denzilferreira:aware-client:development-SNAPSHOT] AndroidManifest.xml:65:17-99
	android:name
		ADDED from [com.github.denzilferreira:aware-client:development-SNAPSHOT] AndroidManifest.xml:65:27-96
meta-data#android.accessibilityservice
ADDED from [com.github.denzilferreira:aware-client:development-SNAPSHOT] AndroidManifest.xml:68:13-70:70
	android:resource
		ADDED from [com.github.denzilferreira:aware-client:development-SNAPSHOT] AndroidManifest.xml:70:17-67
	android:name
		ADDED from [com.github.denzilferreira:aware-client:development-SNAPSHOT] AndroidManifest.xml:69:17-60
service#com.aware.Applications$BackgroundService
ADDED from [com.github.denzilferreira:aware-client:development-SNAPSHOT] AndroidManifest.xml:72:9-74:39
	android:exported
		ADDED from [com.github.denzilferreira:aware-client:development-SNAPSHOT] AndroidManifest.xml:74:13-36
	android:name
		ADDED from [com.github.denzilferreira:aware-client:development-SNAPSHOT] AndroidManifest.xml:73:13-68
service#com.aware.Locations
ADDED from [com.github.denzilferreira:aware-client:development-SNAPSHOT] AndroidManifest.xml:75:9-77:39
	android:exported
		ADDED from [com.github.denzilferreira:aware-client:development-SNAPSHOT] AndroidManifest.xml:77:13-36
	android:name
		ADDED from [com.github.denzilferreira:aware-client:development-SNAPSHOT] AndroidManifest.xml:76:13-47
service#com.aware.Bluetooth
ADDED from [com.github.denzilferreira:aware-client:development-SNAPSHOT] AndroidManifest.xml:78:9-80:39
	android:exported
		ADDED from [com.github.denzilferreira:aware-client:development-SNAPSHOT] AndroidManifest.xml:80:13-36
	android:name
		ADDED from [com.github.denzilferreira:aware-client:development-SNAPSHOT] AndroidManifest.xml:79:13-47
service#com.aware.Screen
ADDED from [com.github.denzilferreira:aware-client:development-SNAPSHOT] AndroidManifest.xml:81:9-83:39
	android:exported
		ADDED from [com.github.denzilferreira:aware-client:development-SNAPSHOT] AndroidManifest.xml:83:13-36
	android:name
		ADDED from [com.github.denzilferreira:aware-client:development-SNAPSHOT] AndroidManifest.xml:82:13-44
service#com.aware.Battery
ADDED from [com.github.denzilferreira:aware-client:development-SNAPSHOT] AndroidManifest.xml:84:9-86:39
	android:exported
		ADDED from [com.github.denzilferreira:aware-client:development-SNAPSHOT] AndroidManifest.xml:86:13-36
	android:name
		ADDED from [com.github.denzilferreira:aware-client:development-SNAPSHOT] AndroidManifest.xml:85:13-45
service#com.aware.Network
ADDED from [com.github.denzilferreira:aware-client:development-SNAPSHOT] AndroidManifest.xml:87:9-89:39
	android:exported
		ADDED from [com.github.denzilferreira:aware-client:development-SNAPSHOT] AndroidManifest.xml:89:13-36
	android:name
		ADDED from [com.github.denzilferreira:aware-client:development-SNAPSHOT] AndroidManifest.xml:88:13-45
service#com.aware.Communication
ADDED from [com.github.denzilferreira:aware-client:development-SNAPSHOT] AndroidManifest.xml:90:9-92:39
	android:exported
		ADDED from [com.github.denzilferreira:aware-client:development-SNAPSHOT] AndroidManifest.xml:92:13-36
	android:name
		ADDED from [com.github.denzilferreira:aware-client:development-SNAPSHOT] AndroidManifest.xml:91:13-51
service#com.aware.Processor
ADDED from [com.github.denzilferreira:aware-client:development-SNAPSHOT] AndroidManifest.xml:93:9-95:39
	android:exported
		ADDED from [com.github.denzilferreira:aware-client:development-SNAPSHOT] AndroidManifest.xml:95:13-36
	android:name
		ADDED from [com.github.denzilferreira:aware-client:development-SNAPSHOT] AndroidManifest.xml:94:13-47
service#com.aware.Timezone
ADDED from [com.github.denzilferreira:aware-client:development-SNAPSHOT] AndroidManifest.xml:96:9-98:39
	android:exported
		ADDED from [com.github.denzilferreira:aware-client:development-SNAPSHOT] AndroidManifest.xml:98:13-36
	android:name
		ADDED from [com.github.denzilferreira:aware-client:development-SNAPSHOT] AndroidManifest.xml:97:13-46
service#com.aware.Mqtt
ADDED from [com.github.denzilferreira:aware-client:development-SNAPSHOT] AndroidManifest.xml:99:9-101:39
	android:exported
		ADDED from [com.github.denzilferreira:aware-client:development-SNAPSHOT] AndroidManifest.xml:101:13-36
	android:name
		ADDED from [com.github.denzilferreira:aware-client:development-SNAPSHOT] AndroidManifest.xml:100:13-42
service#com.aware.Traffic
ADDED from [com.github.denzilferreira:aware-client:development-SNAPSHOT] AndroidManifest.xml:102:9-104:39
	android:exported
		ADDED from [com.github.denzilferreira:aware-client:development-SNAPSHOT] AndroidManifest.xml:104:13-36
	android:name
		ADDED from [com.github.denzilferreira:aware-client:development-SNAPSHOT] AndroidManifest.xml:103:13-45
service#com.aware.Accelerometer
ADDED from [com.github.denzilferreira:aware-client:development-SNAPSHOT] AndroidManifest.xml:105:9-107:39
	android:exported
		ADDED from [com.github.denzilferreira:aware-client:development-SNAPSHOT] AndroidManifest.xml:107:13-36
	android:name
		ADDED from [com.github.denzilferreira:aware-client:development-SNAPSHOT] AndroidManifest.xml:106:13-51
service#com.aware.Gyroscope
ADDED from [com.github.denzilferreira:aware-client:development-SNAPSHOT] AndroidManifest.xml:108:9-110:39
	android:exported
		ADDED from [com.github.denzilferreira:aware-client:development-SNAPSHOT] AndroidManifest.xml:110:13-36
	android:name
		ADDED from [com.github.denzilferreira:aware-client:development-SNAPSHOT] AndroidManifest.xml:109:13-47
service#com.aware.Bluetooth$BackgroundService
ADDED from [com.github.denzilferreira:aware-client:development-SNAPSHOT] AndroidManifest.xml:111:9-113:39
	android:exported
		ADDED from [com.github.denzilferreira:aware-client:development-SNAPSHOT] AndroidManifest.xml:113:13-36
	android:name
		ADDED from [com.github.denzilferreira:aware-client:development-SNAPSHOT] AndroidManifest.xml:112:13-65
service#com.aware.WiFi
ADDED from [com.github.denzilferreira:aware-client:development-SNAPSHOT] AndroidManifest.xml:114:9-116:39
	android:exported
		ADDED from [com.github.denzilferreira:aware-client:development-SNAPSHOT] AndroidManifest.xml:116:13-36
	android:name
		ADDED from [com.github.denzilferreira:aware-client:development-SNAPSHOT] AndroidManifest.xml:115:13-42
service#com.aware.WiFi$BackgroundService
ADDED from [com.github.denzilferreira:aware-client:development-SNAPSHOT] AndroidManifest.xml:117:9-119:39
	android:exported
		ADDED from [com.github.denzilferreira:aware-client:development-SNAPSHOT] AndroidManifest.xml:119:13-36
	android:name
		ADDED from [com.github.denzilferreira:aware-client:development-SNAPSHOT] AndroidManifest.xml:118:13-60
service#com.aware.Telephony
ADDED from [com.github.denzilferreira:aware-client:development-SNAPSHOT] AndroidManifest.xml:120:9-122:39
	android:exported
		ADDED from [com.github.denzilferreira:aware-client:development-SNAPSHOT] AndroidManifest.xml:122:13-36
	android:name
		ADDED from [com.github.denzilferreira:aware-client:development-SNAPSHOT] AndroidManifest.xml:121:13-47
service#com.aware.Rotation
ADDED from [com.github.denzilferreira:aware-client:development-SNAPSHOT] AndroidManifest.xml:123:9-125:39
	android:exported
		ADDED from [com.github.denzilferreira:aware-client:development-SNAPSHOT] AndroidManifest.xml:125:13-36
	android:name
		ADDED from [com.github.denzilferreira:aware-client:development-SNAPSHOT] AndroidManifest.xml:124:13-46
service#com.aware.Light
ADDED from [com.github.denzilferreira:aware-client:development-SNAPSHOT] AndroidManifest.xml:126:9-128:39
	android:exported
		ADDED from [com.github.denzilferreira:aware-client:development-SNAPSHOT] AndroidManifest.xml:128:13-36
	android:name
		ADDED from [com.github.denzilferreira:aware-client:development-SNAPSHOT] AndroidManifest.xml:127:13-43
service#com.aware.Proximity
ADDED from [com.github.denzilferreira:aware-client:development-SNAPSHOT] AndroidManifest.xml:129:9-131:39
	android:exported
		ADDED from [com.github.denzilferreira:aware-client:development-SNAPSHOT] AndroidManifest.xml:131:13-36
	android:name
		ADDED from [com.github.denzilferreira:aware-client:development-SNAPSHOT] AndroidManifest.xml:130:13-47
service#com.aware.Magnetometer
ADDED from [com.github.denzilferreira:aware-client:development-SNAPSHOT] AndroidManifest.xml:132:9-134:39
	android:exported
		ADDED from [com.github.denzilferreira:aware-client:development-SNAPSHOT] AndroidManifest.xml:134:13-36
	android:name
		ADDED from [com.github.denzilferreira:aware-client:development-SNAPSHOT] AndroidManifest.xml:133:13-50
service#com.aware.Barometer
ADDED from [com.github.denzilferreira:aware-client:development-SNAPSHOT] AndroidManifest.xml:135:9-137:39
	android:exported
		ADDED from [com.github.denzilferreira:aware-client:development-SNAPSHOT] AndroidManifest.xml:137:13-36
	android:name
		ADDED from [com.github.denzilferreira:aware-client:development-SNAPSHOT] AndroidManifest.xml:136:13-47
service#com.aware.Gravity
ADDED from [com.github.denzilferreira:aware-client:development-SNAPSHOT] AndroidManifest.xml:138:9-140:39
	android:exported
		ADDED from [com.github.denzilferreira:aware-client:development-SNAPSHOT] AndroidManifest.xml:140:13-36
	android:name
		ADDED from [com.github.denzilferreira:aware-client:development-SNAPSHOT] AndroidManifest.xml:139:13-45
service#com.aware.LinearAccelerometer
ADDED from [com.github.denzilferreira:aware-client:development-SNAPSHOT] AndroidManifest.xml:141:9-143:39
	android:exported
		ADDED from [com.github.denzilferreira:aware-client:development-SNAPSHOT] AndroidManifest.xml:143:13-36
	android:name
		ADDED from [com.github.denzilferreira:aware-client:development-SNAPSHOT] AndroidManifest.xml:142:13-57
service#com.aware.Temperature
ADDED from [com.github.denzilferreira:aware-client:development-SNAPSHOT] AndroidManifest.xml:144:9-146:39
	android:exported
		ADDED from [com.github.denzilferreira:aware-client:development-SNAPSHOT] AndroidManifest.xml:146:13-36
	android:name
		ADDED from [com.github.denzilferreira:aware-client:development-SNAPSHOT] AndroidManifest.xml:145:13-49
service#com.aware.ESM
ADDED from [com.github.denzilferreira:aware-client:development-SNAPSHOT] AndroidManifest.xml:147:9-149:39
	android:exported
		ADDED from [com.github.denzilferreira:aware-client:development-SNAPSHOT] AndroidManifest.xml:149:13-36
	android:name
		ADDED from [com.github.denzilferreira:aware-client:development-SNAPSHOT] AndroidManifest.xml:148:13-41
service#com.aware.Installations
ADDED from [com.github.denzilferreira:aware-client:development-SNAPSHOT] AndroidManifest.xml:150:9-152:39
	android:exported
		ADDED from [com.github.denzilferreira:aware-client:development-SNAPSHOT] AndroidManifest.xml:152:13-36
	android:name
		ADDED from [com.github.denzilferreira:aware-client:development-SNAPSHOT] AndroidManifest.xml:151:13-51
service#com.aware.utils.WebserviceHelper
ADDED from [com.github.denzilferreira:aware-client:development-SNAPSHOT] AndroidManifest.xml:153:9-160:19
	android:exported
		ADDED from [com.github.denzilferreira:aware-client:development-SNAPSHOT] AndroidManifest.xml:155:13-36
	android:name
		ADDED from [com.github.denzilferreira:aware-client:development-SNAPSHOT] AndroidManifest.xml:154:13-60
intent-filter#ACTION_AWARE_WEBSERVICE_CLEAR_TABLE+ACTION_AWARE_WEBSERVICE_SYNC_TABLE
ADDED from [com.github.denzilferreira:aware-client:development-SNAPSHOT] AndroidManifest.xml:156:13-159:29
action#ACTION_AWARE_WEBSERVICE_SYNC_TABLE
ADDED from [com.github.denzilferreira:aware-client:development-SNAPSHOT] AndroidManifest.xml:157:17-77
	android:name
		ADDED from [com.github.denzilferreira:aware-client:development-SNAPSHOT] AndroidManifest.xml:157:25-74
action#ACTION_AWARE_WEBSERVICE_CLEAR_TABLE
ADDED from [com.github.denzilferreira:aware-client:development-SNAPSHOT] AndroidManifest.xml:158:17-78
	android:name
		ADDED from [com.github.denzilferreira:aware-client:development-SNAPSHOT] AndroidManifest.xml:158:25-75
service#com.aware.utils.DownloadPluginService
ADDED from [com.github.denzilferreira:aware-client:development-SNAPSHOT] AndroidManifest.xml:161:9-163:39
	android:exported
		ADDED from [com.github.denzilferreira:aware-client:development-SNAPSHOT] AndroidManifest.xml:163:13-36
	android:name
		ADDED from [com.github.denzilferreira:aware-client:development-SNAPSHOT] AndroidManifest.xml:162:13-65
service#com.aware.utils.StudyUtils
ADDED from [com.github.denzilferreira:aware-client:development-SNAPSHOT] AndroidManifest.xml:164:9-166:39
	android:exported
		ADDED from [com.github.denzilferreira:aware-client:development-SNAPSHOT] AndroidManifest.xml:166:13-36
	android:name
		ADDED from [com.github.denzilferreira:aware-client:development-SNAPSHOT] AndroidManifest.xml:165:13-54
service#com.aware.utils.Aware_TTS
ADDED from [com.github.denzilferreira:aware-client:development-SNAPSHOT] AndroidManifest.xml:167:9-169:39
	android:exported
		ADDED from [com.github.denzilferreira:aware-client:development-SNAPSHOT] AndroidManifest.xml:169:13-36
	android:name
		ADDED from [com.github.denzilferreira:aware-client:development-SNAPSHOT] AndroidManifest.xml:168:13-53
receiver#com.aware.utils.Aware_TTS$Aware_TTS_Receiver
ADDED from [com.github.denzilferreira:aware-client:development-SNAPSHOT] AndroidManifest.xml:173:9-179:20
	android:exported
		ADDED from [com.github.denzilferreira:aware-client:development-SNAPSHOT] AndroidManifest.xml:175:13-36
	android:name
		ADDED from [com.github.denzilferreira:aware-client:development-SNAPSHOT] AndroidManifest.xml:174:13-72
intent-filter#ACTION_AWARE_TTS_SPEAK
ADDED from [com.github.denzilferreira:aware-client:development-SNAPSHOT] AndroidManifest.xml:176:13-178:29
action#ACTION_AWARE_TTS_SPEAK
ADDED from [com.github.denzilferreira:aware-client:development-SNAPSHOT] AndroidManifest.xml:177:17-65
	android:name
		ADDED from [com.github.denzilferreira:aware-client:development-SNAPSHOT] AndroidManifest.xml:177:25-62
receiver#com.aware.Aware$Storage_Broadcaster
ADDED from [com.github.denzilferreira:aware-client:development-SNAPSHOT] AndroidManifest.xml:180:9-189:20
	android:exported
		ADDED from [com.github.denzilferreira:aware-client:development-SNAPSHOT] AndroidManifest.xml:182:13-36
	android:name
		ADDED from [com.github.denzilferreira:aware-client:development-SNAPSHOT] AndroidManifest.xml:181:13-63
intent-filter#android.intent.action.MEDIA_MOUNTED+android.intent.action.MEDIA_UNMOUNTED
ADDED from [com.github.denzilferreira:aware-client:development-SNAPSHOT] AndroidManifest.xml:183:13-188:29
action#android.intent.action.MEDIA_MOUNTED
ADDED from [com.github.denzilferreira:aware-client:development-SNAPSHOT] AndroidManifest.xml:184:17-78
	android:name
		ADDED from [com.github.denzilferreira:aware-client:development-SNAPSHOT] AndroidManifest.xml:184:25-75
action#android.intent.action.MEDIA_UNMOUNTED
ADDED from [com.github.denzilferreira:aware-client:development-SNAPSHOT] AndroidManifest.xml:185:17-80
	android:name
		ADDED from [com.github.denzilferreira:aware-client:development-SNAPSHOT] AndroidManifest.xml:185:25-77
provider#com.aware.providers.Scheduler_Provider
ADDED from [com.github.denzilferreira:aware-client:development-SNAPSHOT] AndroidManifest.xml:192:9-197:70
	android:readPermission
		ADDED from [com.github.denzilferreira:aware-client:development-SNAPSHOT] AndroidManifest.xml:196:13-65
	android:authorities
		ADDED from [com.github.denzilferreira:aware-client:development-SNAPSHOT] AndroidManifest.xml:194:13-70
	android:exported
		ADDED from [com.github.denzilferreira:aware-client:development-SNAPSHOT] AndroidManifest.xml:195:13-36
	android:name
		ADDED from [com.github.denzilferreira:aware-client:development-SNAPSHOT] AndroidManifest.xml:193:13-66
	android:writePermission
		ADDED from [com.github.denzilferreira:aware-client:development-SNAPSHOT] AndroidManifest.xml:197:13-67
provider#com.aware.providers.Bluetooth_Provider
ADDED from [com.github.denzilferreira:aware-client:development-SNAPSHOT] AndroidManifest.xml:198:9-203:70
	android:readPermission
		ADDED from [com.github.denzilferreira:aware-client:development-SNAPSHOT] AndroidManifest.xml:202:13-65
	android:authorities
		ADDED from [com.github.denzilferreira:aware-client:development-SNAPSHOT] AndroidManifest.xml:200:13-70
	android:exported
		ADDED from [com.github.denzilferreira:aware-client:development-SNAPSHOT] AndroidManifest.xml:201:13-36
	android:name
		ADDED from [com.github.denzilferreira:aware-client:development-SNAPSHOT] AndroidManifest.xml:199:13-66
	android:writePermission
		ADDED from [com.github.denzilferreira:aware-client:development-SNAPSHOT] AndroidManifest.xml:203:13-67
provider#com.aware.providers.Applications_Provider
ADDED from [com.github.denzilferreira:aware-client:development-SNAPSHOT] AndroidManifest.xml:204:9-209:70
	android:readPermission
		ADDED from [com.github.denzilferreira:aware-client:development-SNAPSHOT] AndroidManifest.xml:208:13-65
	android:authorities